<?xml version="1.0" encoding="UTF-8"?>
<!-- Generated by org.testng.reporters.JUnitReportReporter -->
<testsuite hostname="Cormac*con-PQ2FTJX76V" failures="0" tests="1" name="com.browserstack.SingleTest" time="23.465" errors="0" timestamp="2022-10-28T12:07:55 IST" skipped="0">
  <testcase classname="com.browserstack.SingleTest" name="test" time="23.465"/>
  <system-out/>
</testsuite> <!-- com.browserstack.SingleTest -->
