<?xml version="1.0" encoding="UTF-8"?>
<!-- Generated by org.testng.reporters.JUnitReportReporter -->
<testsuite hostname="Cormac*con-PQ2FTJX76V" failures="0" tests="1" name="com.browserstack.PercyTest" time="56.643" errors="0" timestamp="2022-11-08T11:50:43 GMT" skipped="0">
  <testcase classname="com.browserstack.PercyTest" name="test" time="56.643"/>
  <system-out/>
</testsuite> <!-- com.browserstack.PercyTest -->
